<?xml version="1.0" encoding="UTF-8"?>
<!-- Generated by org.testng.reporters.JUnitReportReporter -->
<testsuite hostname="Dhanish-MacBook-Air.local" failures="0" tests="4" name="com.Shopping.TestCase.TestCases" time="19.083" errors="0" timestamp="2025-12-30T16:18:58 IST" skipped="0">
  <testcase classname="com.Shopping.TestCase.TestCases" name="SignUp" time="4.916"/>
  <testcase classname="com.Shopping.TestCase.TestCases" name="Personalinfo" time="9.569"/>
  <testcase classname="com.Shopping.TestCase.TestCases" name="MyAccount" time="3.437"/>
  <testcase classname="com.Shopping.TestCase.TestCases" name="Youraddress" time="1.161"/>
</testsuite> <!-- com.Shopping.TestCase.TestCases -->
